24/06/24 00:24:53 - DEBUG - urllib3.connectionpool - [_new_conn]: Starting new HTTPS connection (1): raw.githubusercontent.com:443
24/06/24 00:24:55 - DEBUG - urllib3.connectionpool - [_make_request]: https://raw.githubusercontent.com:443 "GET /rdavydov/Twitch-Channel-Points-Miner-v2/master/TwitchChannelPointsMiner/__init__.py HTTP/1.1" 200 125
24/06/24 00:24:56 - INFO - TwitchChannelPointsMiner.TwitchChannelPointsMiner - [__init__]: Twitch Channel Points Miner v2-1.9.5 (fork by rdavydov)
24/06/24 00:24:56 - INFO - TwitchChannelPointsMiner.TwitchChannelPointsMiner - [__init__]: https://github.com/rdavydov/Twitch-Channel-Points-Miner-v2
24/06/24 00:24:56 - INFO - TwitchChannelPointsMiner.TwitchChannelPointsMiner - [__init__]: You are running version 1.9.5 of this script
24/06/24 00:24:56 - INFO - TwitchChannelPointsMiner.TwitchChannelPointsMiner - [__init__]: The latest version on GitHub is 1.9.7
24/06/24 00:24:56 - INFO - TwitchChannelPointsMiner.TwitchChannelPointsMiner - [run]: Start session: 'd371d491-85d4-4d08-b754-a009fead046c'
24/06/24 00:24:56 - INFO - TwitchChannelPointsMiner.classes.TwitchLogin - [login_flow]: You'll have to login to Twitch!
24/06/24 00:24:56 - INFO - TwitchChannelPointsMiner.classes.TwitchLogin - [login_flow]: Trying the TV login method..
24/06/24 00:24:56 - DEBUG - urllib3.connectionpool - [_new_conn]: Starting new HTTPS connection (1): id.twitch.tv:443
24/06/24 00:24:58 - DEBUG - urllib3.connectionpool - [_make_request]: https://id.twitch.tv:443 "POST /oauth2/device HTTP/1.1" 200 164
24/06/24 00:24:58 - INFO - TwitchChannelPointsMiner.classes.TwitchLogin - [login_flow]: Open https://www.twitch.tv/activate
24/06/24 00:24:58 - INFO - TwitchChannelPointsMiner.classes.TwitchLogin - [login_flow]: and enter this code: JGNBRDSP
24/06/24 00:24:58 - INFO - TwitchChannelPointsMiner.classes.TwitchLogin - [login_flow]: Hurry up! It will expire in 30 minutes!
24/06/24 00:25:03 - DEBUG - urllib3.connectionpool - [_make_request]: https://id.twitch.tv:443 "POST /oauth2/token HTTP/1.1" 400 49
24/06/24 00:25:09 - DEBUG - urllib3.connectionpool - [_make_request]: https://id.twitch.tv:443 "POST /oauth2/token HTTP/1.1" 400 49
24/06/24 00:25:14 - DEBUG - urllib3.connectionpool - [_make_request]: https://id.twitch.tv:443 "POST /oauth2/token HTTP/1.1" 400 49
24/06/24 00:25:19 - DEBUG - urllib3.connectionpool - [_make_request]: https://id.twitch.tv:443 "POST /oauth2/token HTTP/1.1" 400 49
24/06/24 00:25:25 - DEBUG - urllib3.connectionpool - [_make_request]: https://id.twitch.tv:443 "POST /oauth2/token HTTP/1.1" 200 248
24/06/24 00:25:25 - DEBUG - urllib3.connectionpool - [_new_conn]: Starting new HTTPS connection (1): gql.twitch.tv:443
24/06/24 00:25:26 - DEBUG - urllib3.connectionpool - [_make_request]: https://gql.twitch.tv:443 "POST /gql HTTP/1.1" 200 205
24/06/24 00:25:26 - INFO - TwitchChannelPointsMiner.classes.TwitchLogin - [save_cookies]: Saving cookies to your computer..
24/06/24 00:25:26 - INFO - TwitchChannelPointsMiner.TwitchChannelPointsMiner - [run]: Loading data for 7 streamers. Please wait...
24/06/24 00:25:27 - DEBUG - urllib3.connectionpool - [_new_conn]: Starting new HTTPS connection (1): www.twitch.tv:443
24/06/24 00:25:28 - DEBUG - urllib3.connectionpool - [_make_request]: https://www.twitch.tv:443 "GET / HTTP/1.1" 200 None
24/06/24 00:25:28 - DEBUG - TwitchChannelPointsMiner.classes.Twitch - [update_client_version]: Error with update_client_version: no match
24/06/24 00:25:28 - DEBUG - urllib3.connectionpool - [_new_conn]: Starting new HTTPS connection (1): gql.twitch.tv:443
24/06/24 00:25:30 - DEBUG - urllib3.connectionpool - [_make_request]: https://gql.twitch.tv:443 "POST /gql HTTP/1.1" 200 204
24/06/24 00:25:30 - DEBUG - TwitchChannelPointsMiner.classes.Twitch - [post_gql_request]: Data: {'operationName': 'ReportMenuItem', 'extensions': {'persistedQuery': {'version': 1, 'sha256Hash': '8f3628981255345ca5e5453dfd844efffb01d6413a9931498836e6268692a30c'}}, 'variables': {'channelLogin': 'pimpcs'}}, Status code: 200, Content: {"data":{"requestInfo":{"countryCode":"KZ","__typename":"RequestInfo"},"user":{"id":"37799181","stream":null,"__typename":"User"}},"extensions":{"durationMilliseconds":43,"operationName":"ReportMenuItem","requestID":"01J135H6BN24QP4V1RXSR120DB"}}
24/06/24 00:25:30 - DEBUG - urllib3.connectionpool - [_new_conn]: Starting new HTTPS connection (1): www.twitch.tv:443
24/06/24 00:25:31 - DEBUG - urllib3.connectionpool - [_make_request]: https://www.twitch.tv:443 "GET / HTTP/1.1" 200 None
24/06/24 00:25:31 - DEBUG - TwitchChannelPointsMiner.classes.Twitch - [update_client_version]: Error with update_client_version: no match
24/06/24 00:25:31 - DEBUG - urllib3.connectionpool - [_new_conn]: Starting new HTTPS connection (1): gql.twitch.tv:443
24/06/24 00:25:33 - DEBUG - urllib3.connectionpool - [_make_request]: https://gql.twitch.tv:443 "POST /gql HTTP/1.1" 200 242
24/06/24 00:25:33 - DEBUG - TwitchChannelPointsMiner.classes.Twitch - [post_gql_request]: Data: {'operationName': 'ReportMenuItem', 'extensions': {'persistedQuery': {'version': 1, 'sha256Hash': '8f3628981255345ca5e5453dfd844efffb01d6413a9931498836e6268692a30c'}}, 'variables': {'channelLogin': 'lobanjicaa'}}, Status code: 200, Content: {"data":{"requestInfo":{"countryCode":"KZ","__typename":"RequestInfo"},"user":{"id":"126902046","stream":{"id":"40786338981","createdAt":"2024-06-23T16:40:26Z","__typename":"Stream"},"__typename":"User"}},"extensions":{"durationMilliseconds":40,"operationName":"ReportMenuItem","requestID":"01J135H98RQ4Q5EQJ509XB2ANJ"}}
24/06/24 00:25:33 - DEBUG - urllib3.connectionpool - [_new_conn]: Starting new HTTPS connection (1): www.twitch.tv:443
24/06/24 00:25:34 - DEBUG - urllib3.connectionpool - [_make_request]: https://www.twitch.tv:443 "GET / HTTP/1.1" 200 None
24/06/24 00:25:34 - DEBUG - TwitchChannelPointsMiner.classes.Twitch - [update_client_version]: Error with update_client_version: no match
24/06/24 00:25:34 - DEBUG - urllib3.connectionpool - [_new_conn]: Starting new HTTPS connection (1): gql.twitch.tv:443
24/06/24 00:25:36 - DEBUG - urllib3.connectionpool - [_make_request]: https://gql.twitch.tv:443 "POST /gql HTTP/1.1" 200 203
24/06/24 00:25:36 - DEBUG - TwitchChannelPointsMiner.classes.Twitch - [post_gql_request]: Data: {'operationName': 'ReportMenuItem', 'extensions': {'persistedQuery': {'version': 1, 'sha256Hash': '8f3628981255345ca5e5453dfd844efffb01d6413a9931498836e6268692a30c'}}, 'variables': {'channelLogin': 'olofmeister'}}, Status code: 200, Content: {"data":{"requestInfo":{"countryCode":"KZ","__typename":"RequestInfo"},"user":{"id":"46717011","stream":null,"__typename":"User"}},"extensions":{"durationMilliseconds":39,"operationName":"ReportMenuItem","requestID":"01J135HC70TJJVGTX04P47XEZC"}}
24/06/24 00:25:36 - DEBUG - urllib3.connectionpool - [_new_conn]: Starting new HTTPS connection (1): www.twitch.tv:443
24/06/24 00:25:37 - DEBUG - urllib3.connectionpool - [_make_request]: https://www.twitch.tv:443 "GET / HTTP/1.1" 200 None
24/06/24 00:25:37 - DEBUG - TwitchChannelPointsMiner.classes.Twitch - [update_client_version]: Error with update_client_version: no match
24/06/24 00:25:37 - DEBUG - urllib3.connectionpool - [_new_conn]: Starting new HTTPS connection (1): gql.twitch.tv:443
